[debug] [2025-03-12T00:38:36.584Z] ----------------------------------------------------------------------
[debug] [2025-03-12T00:38:36.586Z] Command:       /opt/homebrew/Cellar/node/23.7.0/bin/node /opt/homebrew/bin/firebase emulators:start --only functions
[debug] [2025-03-12T00:38:36.586Z] CLI Version:   13.34.0
[debug] [2025-03-12T00:38:36.587Z] Platform:      darwin
[debug] [2025-03-12T00:38:36.587Z] Node Version:  v23.7.0
[debug] [2025-03-12T00:38:36.587Z] Time:          Tue Mar 11 2025 17:38:36 GMT-0700 (Pacific Daylight Time)
[debug] [2025-03-12T00:38:36.587Z] ----------------------------------------------------------------------
[debug] 
[debug] [2025-03-12T00:38:36.740Z] > command requires scopes: ["email","openid","https://www.googleapis.com/auth/cloudplatformprojects.readonly","https://www.googleapis.com/auth/firebase","https://www.googleapis.com/auth/cloud-platform"]
[debug] [2025-03-12T00:38:36.741Z] > authorizing via signed-in user (markmikomanipula@gmail.com)
[info] i  emulators: Starting emulators: functions {"metadata":{"emulator":{"name":"hub"},"message":"Starting emulators: functions"}}
[debug] [2025-03-12T00:38:37.042Z] [logging] Logging Emulator only supports listening on one address (127.0.0.1). Not listening on ::1
[debug] [2025-03-12T00:38:37.042Z] assigned listening specs for emulators {"user":{"hub":[{"address":"127.0.0.1","family":"IPv4","port":4400},{"address":"::1","family":"IPv6","port":4400}],"ui":[{"address":"127.0.0.1","family":"IPv4","port":4000},{"address":"::1","family":"IPv6","port":4000}],"logging":[{"address":"127.0.0.1","family":"IPv4","port":4500}]},"metadata":{"message":"assigned listening specs for emulators"}}
[debug] [2025-03-12T00:38:37.046Z] [hub] writing locator at /var/folders/48/yqny92k940g722fy_n7xtk2c0000gn/T/hub-quickcourt-a86f0.json
[debug] [2025-03-12T00:38:37.347Z] [functions] Functions Emulator only supports listening on one address (127.0.0.1). Not listening on ::1
[debug] [2025-03-12T00:38:37.347Z] [eventarc] Eventarc Emulator only supports listening on one address (127.0.0.1). Not listening on ::1
[debug] [2025-03-12T00:38:37.347Z] [tasks] Cloud Tasks Emulator only supports listening on one address (127.0.0.1). Not listening on ::1
[debug] [2025-03-12T00:38:37.347Z] late-assigned ports for functions and eventarc emulators {"user":{"hub":[{"address":"127.0.0.1","family":"IPv4","port":4400},{"address":"::1","family":"IPv6","port":4400}],"ui":[{"address":"127.0.0.1","family":"IPv4","port":4000},{"address":"::1","family":"IPv6","port":4000}],"logging":[{"address":"127.0.0.1","family":"IPv4","port":4500}],"functions":[{"address":"127.0.0.1","family":"IPv4","port":5001}],"eventarc":[{"address":"127.0.0.1","family":"IPv4","port":9299}],"tasks":[{"address":"127.0.0.1","family":"IPv4","port":9499}]},"metadata":{"message":"late-assigned ports for functions and eventarc emulators"}}
[warn] ⚠  functions: The following emulators are not running, calls to these services from the Functions emulator will affect production: apphosting, auth, firestore, database, hosting, pubsub, storage, dataconnect {"metadata":{"emulator":{"name":"functions"},"message":"The following emulators are not running, calls to these services from the Functions emulator will affect production: \u001b[1mapphosting, auth, firestore, database, hosting, pubsub, storage, dataconnect\u001b[22m"}}
[debug] [2025-03-12T00:38:37.349Z] defaultcredentials: writing to file /Users/markmanipula/.config/firebase/markmikomanipula_gmail_com_application_default_credentials.json
[debug] [2025-03-12T00:38:37.352Z] Setting GAC to /Users/markmanipula/.config/firebase/markmikomanipula_gmail_com_application_default_credentials.json {"metadata":{"emulator":{"name":"functions"},"message":"Setting GAC to /Users/markmanipula/.config/firebase/markmikomanipula_gmail_com_application_default_credentials.json"}}
[debug] [2025-03-12T00:38:37.352Z] Checked if tokens are valid: false, expires at: 1741740804377
[debug] [2025-03-12T00:38:37.353Z] Checked if tokens are valid: false, expires at: 1741740804377
[debug] [2025-03-12T00:38:37.353Z] > refreshing access token with scopes: []
[debug] [2025-03-12T00:38:37.354Z] >>> [apiv2][query] POST https://www.googleapis.com/oauth2/v3/token [none]
[debug] [2025-03-12T00:38:37.354Z] >>> [apiv2][body] POST https://www.googleapis.com/oauth2/v3/token [omitted]
[debug] [2025-03-12T00:38:37.495Z] <<< [apiv2][status] POST https://www.googleapis.com/oauth2/v3/token 200
[debug] [2025-03-12T00:38:37.495Z] <<< [apiv2][body] POST https://www.googleapis.com/oauth2/v3/token [omitted]
[debug] [2025-03-12T00:38:37.505Z] >>> [apiv2][query] GET https://firebase.googleapis.com/v1beta1/projects/quickcourt-a86f0/adminSdkConfig [none]
[debug] [2025-03-12T00:38:37.933Z] <<< [apiv2][status] GET https://firebase.googleapis.com/v1beta1/projects/quickcourt-a86f0/adminSdkConfig 200
[debug] [2025-03-12T00:38:37.934Z] <<< [apiv2][body] GET https://firebase.googleapis.com/v1beta1/projects/quickcourt-a86f0/adminSdkConfig {"projectId":"quickcourt-a86f0","storageBucket":"quickcourt-a86f0.firebasestorage.app"}
[info] i  functions: Watching "/Users/markmanipula/Desktop/Personal Projects/QuickCourt-Backend/functions" for Cloud Functions... {"metadata":{"emulator":{"name":"functions"},"message":"Watching \"/Users/markmanipula/Desktop/Personal Projects/QuickCourt-Backend/functions\" for Cloud Functions..."}}
[debug] [2025-03-12T00:38:37.964Z] Validating nodejs source
[debug] [2025-03-12T00:38:38.542Z] > [functions] package.json contents: {
  "name": "functions",
  "scripts": {
    "build": "tsc",
    "build:watch": "tsc --watch",
    "serve": "npm run build && firebase emulators:start --only functions",
    "shell": "npm run build && firebase functions:shell",
    "start": "npm run shell",
    "deploy": "firebase deploy --only functions",
    "logs": "firebase functions:log"
  },
  "engines": {
    "node": "22"
  },
  "main": "lib/index.js",
  "dependencies": {
    "dotenv": "^16.4.7",
    "firebase-admin": "^12.6.0",
    "firebase-functions": "^6.0.1",
    "mongoose": "^8.12.1"
  },
  "devDependencies": {
    "firebase-functions-test": "^3.1.0",
    "typescript": "^5.8.2"
  },
  "private": true
}
[debug] [2025-03-12T00:38:38.543Z] Building nodejs source
[debug] [2025-03-12T00:38:38.543Z] Failed to find version of module node: reached end of search path /Users/markmanipula/Desktop/Personal Projects/QuickCourt-Backend/functions/node_modules
[warn] ⚠  functions: Your requested "node" version "22" doesn't match your global version "23". Using node@23 from host. 
[info] i  functions: Loaded environment variables from .env. 
[debug] [2025-03-12T00:38:38.570Z] Could not find functions.yaml. Must use http discovery
[debug] [2025-03-12T00:38:38.577Z] Found firebase-functions binary at '/Users/markmanipula/Desktop/Personal Projects/QuickCourt-Backend/functions/node_modules/.bin/firebase-functions'
[info] Serving at port 8064

[debug] [2025-03-12T00:38:39.143Z] Got response from /__/functions.yaml {"endpoints":{"api":{"availableMemoryMb":null,"timeoutSeconds":null,"minInstances":null,"maxInstances":null,"ingressSettings":null,"concurrency":null,"serviceAccountEmail":null,"vpc":null,"platform":"gcfv2","labels":{},"httpsTrigger":{},"entryPoint":"api"}},"specVersion":"v1alpha1","requiredAPIs":[],"extensions":{}}
[info] Connected to MongoDB

[info] ✔  functions: Loaded functions definitions from source: api. {"metadata":{"emulator":{"name":"functions"},"message":"Loaded functions definitions from source: api."}}
[info] ✔  functions[us-central1-api]: http function initialized (http://127.0.0.1:5001/quickcourt-a86f0/us-central1/api). {"metadata":{"emulator":{"name":"functions"},"message":"\u001b[1mhttp\u001b[22m function initialized (http://127.0.0.1:5001/quickcourt-a86f0/us-central1/api)."}}
[debug] [2025-03-12T00:38:49.179Z] Could not find VSCode notification endpoint: FetchError: request to http://localhost:40001/vscode/notify failed, reason: . If you are not running the Firebase Data Connect VSCode extension, this is expected and not an issue.
[info] 
┌─────────────────────────────────────────────────────────────┐
│ ✔  All emulators ready! It is now safe to connect your app. │
│ i  View Emulator UI at http://127.0.0.1:4000/               │
└─────────────────────────────────────────────────────────────┘

┌───────────┬────────────────┬─────────────────────────────────┐
│ Emulator  │ Host:Port      │ View in Emulator UI             │
├───────────┼────────────────┼─────────────────────────────────┤
│ Functions │ 127.0.0.1:5001 │ http://127.0.0.1:4000/functions │
└───────────┴────────────────┴─────────────────────────────────┘
  Emulator Hub host: 127.0.0.1 port: 4400
  Other reserved ports: 4500

Issues? Report them at https://github.com/firebase/firebase-tools/issues and attach the *-debug.log files.
 
[debug] [2025-03-12T00:38:53.773Z] [work-queue] {"queuedWork":["/quickcourt-a86f0/us-central1/api/events/67d0d085ce4c38e0ac3eb7a7-2025-03-12T00:38:53.773Z"],"queueLength":1,"runningWork":[],"workRunningCount":0}
[debug] [2025-03-12T00:38:53.774Z] [work-queue] {"queuedWork":[],"queueLength":0,"runningWork":["/quickcourt-a86f0/us-central1/api/events/67d0d085ce4c38e0ac3eb7a7-2025-03-12T00:38:53.773Z"],"workRunningCount":1}
[debug] [2025-03-12T00:38:53.774Z] Accepted request GET /quickcourt-a86f0/us-central1/api/events/67d0d085ce4c38e0ac3eb7a7 --> us-central1-api
[debug] [2025-03-12T00:38:53.775Z] [functions] Runtime ready! Sending request! {"metadata":{"emulator":{"name":"functions"},"message":"[functions] Runtime ready! Sending request!"}}
[debug] [2025-03-12T00:38:53.775Z] [functions] Got req.url=/quickcourt-a86f0/us-central1/api/events/67d0d085ce4c38e0ac3eb7a7, mapping to path=/events/67d0d085ce4c38e0ac3eb7a7 {"metadata":{"emulator":{"name":"functions"},"message":"[functions] Got req.url=/quickcourt-a86f0/us-central1/api/events/67d0d085ce4c38e0ac3eb7a7, mapping to path=/events/67d0d085ce4c38e0ac3eb7a7"}}
[info] i  functions: Loaded environment variables from .env. 
[debug] [2025-03-12T00:38:53.778Z] [worker-pool] addWorker(us-central1-api) {"metadata":{"emulator":{"name":"functions"},"message":"[worker-pool] addWorker(us-central1-api)"}}
[debug] [2025-03-12T00:38:53.779Z] [worker-pool] Adding worker with key us-central1-api, total=1 {"metadata":{"emulator":{"name":"functions"},"message":"[worker-pool] Adding worker with key us-central1-api, total=1"}}
[debug] [2025-03-12T00:38:54.663Z] [runtime-status] [33318] Resolved module firebase-admin {"declared":true,"installed":true,"version":"12.7.0","resolution":"/Users/markmanipula/Desktop/Personal Projects/QuickCourt-Backend/functions/node_modules/firebase-admin/lib/index.js"} {"metadata":{"emulator":{"name":"functions"},"function":{"name":"us-central1-api"},"extension":{},"message":"[runtime-status] [33318] Resolved module firebase-admin {\"declared\":true,\"installed\":true,\"version\":\"12.7.0\",\"resolution\":\"/Users/markmanipula/Desktop/Personal Projects/QuickCourt-Backend/functions/node_modules/firebase-admin/lib/index.js\"}"}}
[debug] [2025-03-12T00:38:54.664Z] [runtime-status] [33318] Resolved module firebase-functions {"declared":true,"installed":true,"version":"6.3.2","resolution":"/Users/markmanipula/Desktop/Personal Projects/QuickCourt-Backend/functions/node_modules/firebase-functions/lib/v2/index.js"} {"metadata":{"emulator":{"name":"functions"},"function":{"name":"us-central1-api"},"extension":{},"message":"[runtime-status] [33318] Resolved module firebase-functions {\"declared\":true,\"installed\":true,\"version\":\"6.3.2\",\"resolution\":\"/Users/markmanipula/Desktop/Personal Projects/QuickCourt-Backend/functions/node_modules/firebase-functions/lib/v2/index.js\"}"}}
[debug] [2025-03-12T00:38:54.664Z] [runtime-status] [33318] Outgoing network have been stubbed. [{"name":"http","status":"mocked"},{"name":"http","status":"mocked"},{"name":"https","status":"mocked"},{"name":"https","status":"mocked"},{"name":"net","status":"mocked"}] {"metadata":{"emulator":{"name":"functions"},"function":{"name":"us-central1-api"},"extension":{},"message":"[runtime-status] [33318] Outgoing network have been stubbed. [{\"name\":\"http\",\"status\":\"mocked\"},{\"name\":\"http\",\"status\":\"mocked\"},{\"name\":\"https\",\"status\":\"mocked\"},{\"name\":\"https\",\"status\":\"mocked\"},{\"name\":\"net\",\"status\":\"mocked\"}]"}}
[debug] [2025-03-12T00:38:54.664Z] [runtime-status] [33318] Resolved module firebase-functions {"declared":true,"installed":true,"version":"6.3.2","resolution":"/Users/markmanipula/Desktop/Personal Projects/QuickCourt-Backend/functions/node_modules/firebase-functions/lib/v2/index.js"} {"metadata":{"emulator":{"name":"functions"},"function":{"name":"us-central1-api"},"extension":{},"message":"[runtime-status] [33318] Resolved module firebase-functions {\"declared\":true,\"installed\":true,\"version\":\"6.3.2\",\"resolution\":\"/Users/markmanipula/Desktop/Personal Projects/QuickCourt-Backend/functions/node_modules/firebase-functions/lib/v2/index.js\"}"}}
[debug] [2025-03-12T00:38:54.862Z] [runtime-status] [33318] Checked functions.config() {"config":{}} {"metadata":{"emulator":{"name":"functions"},"function":{"name":"us-central1-api"},"extension":{},"message":"[runtime-status] [33318] Checked functions.config() {\"config\":{}}"}}
[debug] [2025-03-12T00:38:54.863Z] [runtime-status] [33318] firebase-functions has been stubbed. {"functionsResolution":{"declared":true,"installed":true,"version":"6.3.2","resolution":"/Users/markmanipula/Desktop/Personal Projects/QuickCourt-Backend/functions/node_modules/firebase-functions/lib/v2/index.js"}} {"metadata":{"emulator":{"name":"functions"},"function":{"name":"us-central1-api"},"extension":{},"message":"[runtime-status] [33318] firebase-functions has been stubbed. {\"functionsResolution\":{\"declared\":true,\"installed\":true,\"version\":\"6.3.2\",\"resolution\":\"/Users/markmanipula/Desktop/Personal Projects/QuickCourt-Backend/functions/node_modules/firebase-functions/lib/v2/index.js\"}}"}}
[debug] [2025-03-12T00:38:54.863Z] [runtime-status] [33318] Resolved module firebase-functions {"declared":true,"installed":true,"version":"6.3.2","resolution":"/Users/markmanipula/Desktop/Personal Projects/QuickCourt-Backend/functions/node_modules/firebase-functions/lib/v2/index.js"} {"metadata":{"emulator":{"name":"functions"},"function":{"name":"us-central1-api"},"extension":{},"message":"[runtime-status] [33318] Resolved module firebase-functions {\"declared\":true,\"installed\":true,\"version\":\"6.3.2\",\"resolution\":\"/Users/markmanipula/Desktop/Personal Projects/QuickCourt-Backend/functions/node_modules/firebase-functions/lib/v2/index.js\"}"}}
[debug] [2025-03-12T00:38:54.865Z] [runtime-status] [33318] Resolved module firebase-admin {"declared":true,"installed":true,"version":"12.7.0","resolution":"/Users/markmanipula/Desktop/Personal Projects/QuickCourt-Backend/functions/node_modules/firebase-admin/lib/index.js"} {"metadata":{"emulator":{"name":"functions"},"function":{"name":"us-central1-api"},"extension":{},"message":"[runtime-status] [33318] Resolved module firebase-admin {\"declared\":true,\"installed\":true,\"version\":\"12.7.0\",\"resolution\":\"/Users/markmanipula/Desktop/Personal Projects/QuickCourt-Backend/functions/node_modules/firebase-admin/lib/index.js\"}"}}
[debug] [2025-03-12T00:38:54.866Z] [runtime-status] [33318] Resolved module firebase-functions {"declared":true,"installed":true,"version":"6.3.2","resolution":"/Users/markmanipula/Desktop/Personal Projects/QuickCourt-Backend/functions/node_modules/firebase-functions/lib/v2/index.js"} {"metadata":{"emulator":{"name":"functions"},"function":{"name":"us-central1-api"},"extension":{},"message":"[runtime-status] [33318] Resolved module firebase-functions {\"declared\":true,\"installed\":true,\"version\":\"6.3.2\",\"resolution\":\"/Users/markmanipula/Desktop/Personal Projects/QuickCourt-Backend/functions/node_modules/firebase-functions/lib/v2/index.js\"}"}}
[debug] [2025-03-12T00:38:54.866Z] [runtime-status] [33318] firebase-admin has been stubbed. {"adminResolution":{"declared":true,"installed":true,"version":"12.7.0","resolution":"/Users/markmanipula/Desktop/Personal Projects/QuickCourt-Backend/functions/node_modules/firebase-admin/lib/index.js"}} {"metadata":{"emulator":{"name":"functions"},"function":{"name":"us-central1-api"},"extension":{},"message":"[runtime-status] [33318] firebase-admin has been stubbed. {\"adminResolution\":{\"declared\":true,\"installed\":true,\"version\":\"12.7.0\",\"resolution\":\"/Users/markmanipula/Desktop/Personal Projects/QuickCourt-Backend/functions/node_modules/firebase-admin/lib/index.js\"}}"}}
[debug] [2025-03-12T00:38:55.126Z] [runtime-status] [33318] Functions runtime initialized. {"cwd":"/Users/markmanipula/Desktop/Personal Projects/QuickCourt-Backend/functions","node_version":"23.7.0"} {"metadata":{"emulator":{"name":"functions"},"function":{"name":"us-central1-api"},"extension":{},"message":"[runtime-status] [33318] Functions runtime initialized. {\"cwd\":\"/Users/markmanipula/Desktop/Personal Projects/QuickCourt-Backend/functions\",\"node_version\":\"23.7.0\"}"}}
[debug] [2025-03-12T00:38:55.126Z] [runtime-status] [33318] Listening to port: /var/folders/48/yqny92k940g722fy_n7xtk2c0000gn/T/fire_emu_6e21c67e0fe8c834.sock {"metadata":{"emulator":{"name":"functions"},"function":{"name":"us-central1-api"},"extension":{},"message":"[runtime-status] [33318] Listening to port: /var/folders/48/yqny92k940g722fy_n7xtk2c0000gn/T/fire_emu_6e21c67e0fe8c834.sock"}}
[debug] [2025-03-12T00:38:55.203Z] [worker-us-central1-api-84f4c82b-36c2-4cfe-af2a-0af9d6c893c4]: IDLE {"metadata":{"emulator":{"name":"functions"},"function":{"name":"us-central1-api"},"extension":{},"message":"[worker-us-central1-api-84f4c82b-36c2-4cfe-af2a-0af9d6c893c4]: IDLE"}}
[debug] [2025-03-12T00:38:55.203Z] [worker-pool] submitRequest(triggerId=us-central1-api) {"metadata":{"emulator":{"name":"functions"},"message":"[worker-pool] submitRequest(triggerId=us-central1-api)"}}
[info] i  functions: Beginning execution of "us-central1-api" {"metadata":{"emulator":{"name":"functions"},"function":{"name":"us-central1-api"},"extension":{},"message":"Beginning execution of \"us-central1-api\""}}
[debug] [2025-03-12T00:38:55.203Z] [worker-us-central1-api-84f4c82b-36c2-4cfe-af2a-0af9d6c893c4]: BUSY {"metadata":{"emulator":{"name":"functions"},"function":{"name":"us-central1-api"},"extension":{},"message":"[worker-us-central1-api-84f4c82b-36c2-4cfe-af2a-0af9d6c893c4]: BUSY"}}
[info] >  Connected to MongoDB {"user":"Connected to MongoDB","metadata":{"emulator":{"name":"functions"},"function":{"name":"us-central1-api"},"extension":{},"message":"\u001b[90m> \u001b[39m Connected to MongoDB"}}
[debug] [2025-03-12T00:38:56.225Z] Finishing up request with event=pause {"metadata":{"emulator":{"name":"functions"},"function":{"name":"us-central1-api"},"extension":{},"message":"Finishing up request with event=pause"}}
[info] i  functions: Finished "us-central1-api" in 1022.120583ms {"metadata":{"emulator":{"name":"functions"},"function":{"name":"us-central1-api"},"extension":{},"message":"Finished \"us-central1-api\" in 1022.120583ms"}}
[debug] [2025-03-12T00:38:56.226Z] [worker-us-central1-api-84f4c82b-36c2-4cfe-af2a-0af9d6c893c4]: IDLE {"metadata":{"emulator":{"name":"functions"},"function":{"name":"us-central1-api"},"extension":{},"message":"[worker-us-central1-api-84f4c82b-36c2-4cfe-af2a-0af9d6c893c4]: IDLE"}}
[debug] [2025-03-12T00:38:56.226Z] Finishing up request with event=finish {"metadata":{"emulator":{"name":"functions"},"function":{"name":"us-central1-api"},"extension":{},"message":"Finishing up request with event=finish"}}
[debug] [2025-03-12T00:38:56.226Z] Finishing up request with event=close {"metadata":{"emulator":{"name":"functions"},"function":{"name":"us-central1-api"},"extension":{},"message":"Finishing up request with event=close"}}
[debug] [2025-03-12T00:38:56.227Z] [work-queue] {"queuedWork":[],"queueLength":0,"runningWork":[],"workRunningCount":0}
